2022-12-19 18:52:07.065  INFO 31880 --- [main] com.rjs.UserSpringBootApplication        : Starting UserSpringBootApplication on LAPTOP-1KHP1MLE with PID 31880 (E:\IDEAWork\SpringBoot_One\target\classes started by 任继森 in E:\IDEAWork\SpringBoot_One)
2022-12-19 18:52:07.067 DEBUG 31880 --- [main] com.rjs.UserSpringBootApplication        : Running with Spring Boot v1.5.10.RELEASE, Spring v4.3.14.RELEASE
2022-12-19 18:52:07.068  INFO 31880 --- [main] com.rjs.UserSpringBootApplication        : No active profile set, falling back to default profiles: default
2022-12-19 18:52:07.108  INFO 31880 --- [main] ationConfigEmbeddedWebApplicationContext : Refreshing org.springframework.boot.context.embedded.AnnotationConfigEmbeddedWebApplicationContext@318ba8c8: startup date [Mon Dec 19 18:52:07 CST 2022]; root of context hierarchy
2022-12-19 18:52:08.017  INFO 31880 --- [main] s.b.c.e.t.TomcatEmbeddedServletContainer : Tomcat initialized with port(s): 8088 (http)
2022-12-19 18:52:08.028  INFO 31880 --- [main] o.apache.catalina.core.StandardService   : Starting service [Tomcat]
2022-12-19 18:52:08.029  INFO 31880 --- [main] org.apache.catalina.core.StandardEngine  : Starting Servlet Engine: Apache Tomcat/8.5.27
2022-12-19 18:52:08.252  INFO 31880 --- [localhost-startStop-1] org.apache.jasper.servlet.TldScanner     : At least one JAR was scanned for TLDs yet contained no TLDs. Enable debug logging for this logger for a complete list of JARs that were scanned but no TLDs were found in them. Skipping unneeded JARs during scanning can improve startup time and JSP compilation time.
2022-12-19 18:52:08.258  INFO 31880 --- [localhost-startStop-1] o.a.c.c.C.[Tomcat].[localhost].[/]       : Initializing Spring embedded WebApplicationContext
2022-12-19 18:52:08.258  INFO 31880 --- [localhost-startStop-1] o.s.web.context.ContextLoader            : Root WebApplicationContext: initialization completed in 1150 ms
2022-12-19 18:52:08.376  INFO 31880 --- [localhost-startStop-1] o.s.b.w.servlet.ServletRegistrationBean  : Mapping servlet: 'dispatcherServlet' to [/]
2022-12-19 18:52:08.380  INFO 31880 --- [localhost-startStop-1] o.s.b.w.servlet.FilterRegistrationBean   : Mapping filter: 'characterEncodingFilter' to: [/*]
2022-12-19 18:52:08.380  INFO 31880 --- [localhost-startStop-1] o.s.b.w.servlet.FilterRegistrationBean   : Mapping filter: 'hiddenHttpMethodFilter' to: [/*]
2022-12-19 18:52:08.380  INFO 31880 --- [localhost-startStop-1] o.s.b.w.servlet.FilterRegistrationBean   : Mapping filter: 'httpPutFormContentFilter' to: [/*]
2022-12-19 18:52:08.380  INFO 31880 --- [localhost-startStop-1] o.s.b.w.servlet.FilterRegistrationBean   : Mapping filter: 'requestContextFilter' to: [/*]
2022-12-19 18:52:08.579 DEBUG 31880 --- [main] c.b.m.e.s.MybatisSqlSessionFactoryBean   : Property 'mapperLocations' was not specified.
2022-12-19 18:52:09.640  WARN 31880 --- [main] c.b.m.core.metadata.TableInfoHelper      : Can not find table primary key in Class: "com.rjs.vo.User".
2022-12-19 18:52:09.646  WARN 31880 --- [main] c.b.m.core.injector.DefaultSqlInjector   : class com.rjs.vo.User ,Not found @TableId annotation, Cannot use Mybatis-Plus 'xxById' Method.
2022-12-19 18:52:09.835  INFO 31880 --- [main] s.w.s.m.m.a.RequestMappingHandlerAdapter : Looking for @ControllerAdvice: org.springframework.boot.context.embedded.AnnotationConfigEmbeddedWebApplicationContext@318ba8c8: startup date [Mon Dec 19 18:52:07 CST 2022]; root of context hierarchy
2022-12-19 18:52:09.866  INFO 31880 --- [main] s.w.s.m.m.a.RequestMappingHandlerMapping : Mapped "{[/controlArea/getArea]}" onto public java.util.List<com.rjs.vo.area.Area> com.rjs.control.areaControl.controlArea.getArea()
2022-12-19 18:52:09.868  INFO 31880 --- [main] s.w.s.m.m.a.RequestMappingHandlerMapping : Mapped "{[/bumenControl/selectUserByBumenIdNull]}" onto public java.util.List<com.rjs.vo.User> com.rjs.control.bumenControl.bumenControl.selectUserByBumenIdNull()
2022-12-19 18:52:09.870  INFO 31880 --- [main] s.w.s.m.m.a.RequestMappingHandlerMapping : Mapped "{[/bumenControl/addBumen]}" onto public void com.rjs.control.bumenControl.bumenControl.addBumen(com.rjs.vo.Bumen)
2022-12-19 18:52:09.871  INFO 31880 --- [main] s.w.s.m.m.a.RequestMappingHandlerMapping : Mapped "{[/bumenControl/selectAllBumen]}" onto public java.util.List<com.rjs.vo.Bumen> com.rjs.control.bumenControl.bumenControl.selectAllBumen(javax.servlet.http.HttpSession)
2022-12-19 18:52:09.871  INFO 31880 --- [main] s.w.s.m.m.a.RequestMappingHandlerMapping : Mapped "{[/bumenControl/updateBumenById]}" onto public void com.rjs.control.bumenControl.bumenControl.updateBumenById(com.rjs.vo.Bumen)
2022-12-19 18:52:09.872  INFO 31880 --- [main] s.w.s.m.m.a.RequestMappingHandlerMapping : Mapped "{[/ChangControl/updateChangById]}" onto public void com.rjs.control.changControl.ChangControl.updateChangById(com.rjs.vo.chang.Chang)
2022-12-19 18:52:09.872  INFO 31880 --- [main] s.w.s.m.m.a.RequestMappingHandlerMapping : Mapped "{[/ChangControl/addChang]}" onto public void com.rjs.control.changControl.ChangControl.addChang(com.rjs.vo.chang.Chang)
2022-12-19 18:52:09.873  INFO 31880 --- [main] s.w.s.m.m.a.RequestMappingHandlerMapping : Mapped "{[/ChangControl/selectChangAll]}" onto public java.util.List<com.rjs.vo.chang.Chang> com.rjs.control.changControl.ChangControl.selectChangAll()
2022-12-19 18:52:09.873  INFO 31880 --- [main] s.w.s.m.m.a.RequestMappingHandlerMapping : Mapped "{[/downFile/downLoadFile]}" onto public void com.rjs.control.DownFileController.downLoadFile(java.lang.String,java.lang.String,javax.servlet.http.HttpServletResponse) throws java.lang.Exception
2022-12-19 18:52:09.875  INFO 31880 --- [main] s.w.s.m.m.a.RequestMappingHandlerMapping : Mapped "{[/equipControl/selectEquipNumber]}" onto public java.util.List<com.rjs.vo.Equip> com.rjs.control.equipControl.equipControl.selectEquipNumber(com.rjs.vo.Equip)
2022-12-19 18:52:09.875  INFO 31880 --- [main] s.w.s.m.m.a.RequestMappingHandlerMapping : Mapped "{[/equipControl/updateEquipAndNumber]}" onto public void com.rjs.control.equipControl.equipControl.updateEquipAndNumber(com.rjs.vo.Equip)
2022-12-19 18:52:09.875  INFO 31880 --- [main] s.w.s.m.m.a.RequestMappingHandlerMapping : Mapped "{[/equipControl/addequip]}" onto public void com.rjs.control.equipControl.equipControl.addequip(com.rjs.vo.Equip)
2022-12-19 18:52:09.875  INFO 31880 --- [main] s.w.s.m.m.a.RequestMappingHandlerMapping : Mapped "{[/equipControl/delEquipNumber2]}" onto public void com.rjs.control.equipControl.equipControl.delEquipNumber2(int)
2022-12-19 18:52:09.876  INFO 31880 --- [main] s.w.s.m.m.a.RequestMappingHandlerMapping : Mapped "{[/equipControl/selectAllEquip]}" onto public java.util.List<com.rjs.vo.Equip> com.rjs.control.equipControl.equipControl.selectAllEquip()
2022-12-19 18:52:09.876  INFO 31880 --- [main] s.w.s.m.m.a.RequestMappingHandlerMapping : Mapped "{[/helloControl/say]}" onto public java.lang.String com.rjs.control.HelloControl.Say()
2022-12-19 18:52:09.877  INFO 31880 --- [main] s.w.s.m.m.a.RequestMappingHandlerMapping : Mapped "{[/CheckDataControl/AddCheckData]}" onto public void com.rjs.control.partControl.CheckDataControl.AddCheckData(com.rjs.vo.part.CheckData)
2022-12-19 18:52:09.879  INFO 31880 --- [main] s.w.s.m.m.a.RequestMappingHandlerMapping : Mapped "{[/PartControl/selectProcessById]}" onto public java.util.List<com.rjs.vo.part.Process> com.rjs.control.partControl.PartControl.selectProcessById(java.lang.Integer)
2022-12-19 18:52:09.880  INFO 31880 --- [main] s.w.s.m.m.a.RequestMappingHandlerMapping : Mapped "{[/PartControl/selectProcessNameById]}" onto public com.rjs.vo.part.Process com.rjs.control.partControl.PartControl.selectProcessNameById(com.rjs.vo.part.Process)
2022-12-19 18:52:09.881  INFO 31880 --- [main] s.w.s.m.m.a.RequestMappingHandlerMapping : Mapped "{[/PartControl/selectProEquipnumById]}" onto public com.rjs.vo.part.Process com.rjs.control.partControl.PartControl.selectProEquipnumById(java.lang.Integer)
2022-12-19 18:52:09.881  INFO 31880 --- [main] s.w.s.m.m.a.RequestMappingHandlerMapping : Mapped "{[/PartControl/selectPartNameAndNumById]}" onto public com.rjs.vo.part.Part com.rjs.control.partControl.PartControl.selectPartNameAndNumById(com.rjs.vo.part.Part)
2022-12-19 18:52:09.881  INFO 31880 --- [main] s.w.s.m.m.a.RequestMappingHandlerMapping : Mapped "{[/PartControl/selectProcessById2]}" onto public com.rjs.vo.part.Process com.rjs.control.partControl.PartControl.selectProcessById2(com.rjs.vo.part.Process)
2022-12-19 18:52:09.881  INFO 31880 --- [main] s.w.s.m.m.a.RequestMappingHandlerMapping : Mapped "{[/PartControl/selectPartByChangAndType]}" onto public java.util.List<com.rjs.vo.part.Part> com.rjs.control.partControl.PartControl.selectPartByChangAndType(com.rjs.vo.part.Part)
2022-12-19 18:52:09.881  INFO 31880 --- [main] s.w.s.m.m.a.RequestMappingHandlerMapping : Mapped "{[/PartControl/updatePartInfo]}" onto public void com.rjs.control.partControl.PartControl.updatePartInfo(com.rjs.vo.part.Part)
2022-12-19 18:52:09.882  INFO 31880 --- [main] s.w.s.m.m.a.RequestMappingHandlerMapping : Mapped "{[/PartControl/addPartInfo]}" onto public void com.rjs.control.partControl.PartControl.addPartInfo(com.rjs.vo.part.Part)
2022-12-19 18:52:09.882  INFO 31880 --- [main] s.w.s.m.m.a.RequestMappingHandlerMapping : Mapped "{[/PartControl/selectPartAll]}" onto public java.util.List<com.rjs.vo.part.Part> com.rjs.control.partControl.PartControl.selectPartAll()
2022-12-19 18:52:09.883  INFO 31880 --- [main] s.w.s.m.m.a.RequestMappingHandlerMapping : Mapped "{[/ProcessControl/updatePartProcess]}" onto public void com.rjs.control.partControl.ProcessControl.updatePartProcess(com.rjs.vo.part.Process,org.springframework.web.multipart.MultipartFile[])
2022-12-19 18:52:09.883  INFO 31880 --- [main] s.w.s.m.m.a.RequestMappingHandlerMapping : Mapped "{[/ProcessControl/selectProcessById3]}" onto public void com.rjs.control.partControl.ProcessControl.selectProcessById3(com.rjs.vo.part.Process) throws java.io.IOException
2022-12-19 18:52:09.883  INFO 31880 --- [main] s.w.s.m.m.a.RequestMappingHandlerMapping : Mapped "{[/ProcessControl/selectCheckById2]}" onto public void com.rjs.control.partControl.ProcessControl.selectCheckById2(com.rjs.vo.part.CheckManage)
2022-12-19 18:52:09.883  INFO 31880 --- [main] s.w.s.m.m.a.RequestMappingHandlerMapping : Mapped "{[/ProcessControl/updateCheckById]}" onto public void com.rjs.control.partControl.ProcessControl.updateCheckById(com.rjs.vo.part.CheckManage)
2022-12-19 18:52:09.883  INFO 31880 --- [main] s.w.s.m.m.a.RequestMappingHandlerMapping : Mapped "{[/ProcessControl/selectPartById]}" onto public void com.rjs.control.partControl.ProcessControl.selectPartById(java.lang.Integer) throws java.io.IOException
2022-12-19 18:52:09.884  INFO 31880 --- [main] s.w.s.m.m.a.RequestMappingHandlerMapping : Mapped "{[/ProcessControl/addPartProcess]}" onto public void com.rjs.control.partControl.ProcessControl.addPartProcess(com.rjs.vo.part.Process,org.springframework.web.multipart.MultipartFile[]) throws java.io.IOException
2022-12-19 18:52:09.884  INFO 31880 --- [main] s.w.s.m.m.a.RequestMappingHandlerMapping : Mapped "{[/ProcessControl/selectCheckById]}" onto public java.util.List<com.rjs.vo.part.CheckManage> com.rjs.control.partControl.ProcessControl.selectCheckById(java.lang.Integer)
2022-12-19 18:52:09.884  INFO 31880 --- [main] s.w.s.m.m.a.RequestMappingHandlerMapping : Mapped "{[/ProcessControl/addCheck]}" onto public void com.rjs.control.partControl.ProcessControl.addCheck(com.rjs.vo.part.CheckManage)
2022-12-19 18:52:09.885  INFO 31880 --- [main] s.w.s.m.m.a.RequestMappingHandlerMapping : Mapped "{[/stuControl/selectRoleAuthandName]}" onto public java.util.List<com.rjs.vo.student.RoleAuth> com.rjs.control.stuControl.StuControl.selectRoleAuthandName(java.lang.Integer)
2022-12-19 18:52:09.885  INFO 31880 --- [main] s.w.s.m.m.a.RequestMappingHandlerMapping : Mapped "{[/stuControl/selectStuAndRole]}" onto public java.util.List<com.rjs.vo.student.Student> com.rjs.control.stuControl.StuControl.selectStuAndRole(java.lang.String)
2022-12-19 18:52:09.885  INFO 31880 --- [main] s.w.s.m.m.a.RequestMappingHandlerMapping : Mapped "{[/stuControl/updateRoleInfo]}" onto public void com.rjs.control.stuControl.StuControl.updateRoleInfo(com.rjs.vo.student.StudentRole)
2022-12-19 18:52:09.885  INFO 31880 --- [main] s.w.s.m.m.a.RequestMappingHandlerMapping : Mapped "{[/stuControl/updateStuName]}" onto public void com.rjs.control.stuControl.StuControl.updateStuName(com.rjs.vo.student.Student)
2022-12-19 18:52:09.886  INFO 31880 --- [main] s.w.s.m.m.a.RequestMappingHandlerMapping : Mapped "{[/stuControl/selectAllRole]}" onto public java.util.List<com.rjs.vo.student.StudentRole> com.rjs.control.stuControl.StuControl.selectAllRole()
2022-12-19 18:52:09.886  INFO 31880 --- [main] s.w.s.m.m.a.RequestMappingHandlerMapping : Mapped "{[/stuControl/getAuthParent]}" onto public java.util.List<com.rjs.vo.student.Auth> com.rjs.control.stuControl.StuControl.getAuthParent()
2022-12-19 18:52:09.886  INFO 31880 --- [main] s.w.s.m.m.a.RequestMappingHandlerMapping : Mapped "{[/stuControl/insertRoleName]}" onto public void com.rjs.control.stuControl.StuControl.insertRoleName(com.rjs.vo.student.StudentRole)
2022-12-19 18:52:09.887  INFO 31880 --- [main] s.w.s.m.m.a.RequestMappingHandlerMapping : Mapped "{[/test2Control/getValue]}" onto public com.rjs.vo.Json com.rjs.control.Test2Control.getValue(java.lang.String,java.lang.String)
2022-12-19 18:52:09.887  INFO 31880 --- [main] s.w.s.m.m.a.RequestMappingHandlerMapping : Mapped "{[/test2Control/getValue22]}" onto public com.rjs.vo.Json com.rjs.control.Test2Control.getValue2(com.rjs.vo.Json)
2022-12-19 18:52:09.887  INFO 31880 --- [main] s.w.s.m.m.a.RequestMappingHandlerMapping : Mapped "{[/testController/getValue11]}" onto public com.rjs.vo.Json com.rjs.control.TestController.getValue1(com.rjs.vo.Json)
2022-12-19 18:52:09.888  INFO 31880 --- [main] s.w.s.m.m.a.RequestMappingHandlerMapping : Mapped "{[/testController/getValue2]}" onto public com.rjs.vo.Json com.rjs.control.TestController.getValue2(com.rjs.vo.Json)
2022-12-19 18:52:09.889  INFO 31880 --- [main] s.w.s.m.m.a.RequestMappingHandlerMapping : Mapped "{[/Code/checkVerify]}" onto public boolean com.rjs.control.userControl.CodeController.checkVerify(com.rjs.vo.User)
2022-12-19 18:52:09.889  INFO 31880 --- [main] s.w.s.m.m.a.RequestMappingHandlerMapping : Mapped "{[/Code/getsession]}" onto public java.lang.String com.rjs.control.userControl.CodeController.getsession(javax.servlet.http.HttpSession)
2022-12-19 18:52:09.889  INFO 31880 --- [main] s.w.s.m.m.a.RequestMappingHandlerMapping : Mapped "{[/Code/getVerify],methods=[GET]}" onto public void com.rjs.control.userControl.CodeController.getVerify(javax.servlet.http.HttpServletRequest,javax.servlet.http.HttpServletResponse,javax.servlet.http.HttpSession)
2022-12-19 18:52:09.892  INFO 31880 --- [main] s.w.s.m.m.a.RequestMappingHandlerMapping : Mapped "{[/userControl/selectUserBySexOrRole]}" onto public java.util.List<com.rjs.vo.User> com.rjs.control.userControl.UserControl.selectUserBySexOrRole(com.rjs.vo.User)
2022-12-19 18:52:09.892  INFO 31880 --- [main] s.w.s.m.m.a.RequestMappingHandlerMapping : Mapped "{[/userControl/selectUserByAreaOrRole]}" onto public java.util.List<com.rjs.vo.User> com.rjs.control.userControl.UserControl.selectUserByAreaOrRole(com.rjs.vo.User)
2022-12-19 18:52:09.892  INFO 31880 --- [main] s.w.s.m.m.a.RequestMappingHandlerMapping : Mapped "{[/userControl/selectConutByRoleId]}" onto public java.util.List<com.rjs.vo.User> com.rjs.control.userControl.UserControl.selectConutByRoleId(com.rjs.vo.User)
2022-12-19 18:52:09.892  INFO 31880 --- [main] s.w.s.m.m.a.RequestMappingHandlerMapping : Mapped "{[/userControl/selectConutByAreaOrSex]}" onto public java.util.List<com.rjs.vo.User> com.rjs.control.userControl.UserControl.selectConutByAreaOrSex(com.rjs.vo.User)
2022-12-19 18:52:09.893  INFO 31880 --- [main] s.w.s.m.m.a.RequestMappingHandlerMapping : Mapped "{[/userControl/selectUserInfoById]}" onto public com.rjs.vo.User com.rjs.control.userControl.UserControl.selectUserInfoById(com.rjs.vo.User)
2022-12-19 18:52:09.893  INFO 31880 --- [main] s.w.s.m.m.a.RequestMappingHandlerMapping : Mapped "{[/userControl/selectUserByAreaOrSexOrRole]}" onto public java.util.List<com.rjs.vo.User> com.rjs.control.userControl.UserControl.selectUserByAreaOrSexOrRole(com.rjs.vo.User)
2022-12-19 18:52:09.893  INFO 31880 --- [main] s.w.s.m.m.a.RequestMappingHandlerMapping : Mapped "{[/userControl/addProcedureAndNumber]}" onto public void com.rjs.control.userControl.UserControl.addProcedureAndNumber(com.rjs.vo.Equip)
2022-12-19 18:52:09.894  INFO 31880 --- [main] s.w.s.m.m.a.RequestMappingHandlerMapping : Mapped "{[/userControl/selectUserByAreaOrSex]}" onto public java.util.List<com.rjs.vo.User> com.rjs.control.userControl.UserControl.selectUserByAreaOrSex(com.rjs.vo.User)
2022-12-19 18:52:09.894  INFO 31880 --- [main] s.w.s.m.m.a.RequestMappingHandlerMapping : Mapped "{[/userControl/addUser]}" onto public void com.rjs.control.userControl.UserControl.addUser(javax.servlet.http.HttpServletRequest) throws java.text.ParseException
2022-12-19 18:52:09.894  INFO 31880 --- [main] s.w.s.m.m.a.RequestMappingHandlerMapping : Mapped "{[/userControl/loginUser]}" onto public java.util.List<com.rjs.vo.User> com.rjs.control.userControl.UserControl.loginUser(javax.servlet.http.HttpServletRequest)
2022-12-19 18:52:09.895  INFO 31880 --- [main] s.w.s.m.m.a.RequestMappingHandlerMapping : Mapped "{[/userControl/getTreeValue]}" onto public java.util.List<com.rjs.vo.Tree> com.rjs.control.userControl.UserControl.getTreeValue()
2022-12-19 18:52:09.895  INFO 31880 --- [main] s.w.s.m.m.a.RequestMappingHandlerMapping : Mapped "{[/userControl/getCity]}" onto public java.util.List<com.rjs.vo.Citys> com.rjs.control.userControl.UserControl.getCity()
2022-12-19 18:52:09.895  INFO 31880 --- [main] s.w.s.m.m.a.RequestMappingHandlerMapping : Mapped "{[/userControl/updateUser]}" onto public void com.rjs.control.userControl.UserControl.updateUser(com.rjs.vo.User) throws java.text.ParseException
2022-12-19 18:52:09.896  INFO 31880 --- [main] s.w.s.m.m.a.RequestMappingHandlerMapping : Mapped "{[/userControl/delUser]}" onto public void com.rjs.control.userControl.UserControl.delUser(int)
2022-12-19 18:52:09.896  INFO 31880 --- [main] s.w.s.m.m.a.RequestMappingHandlerMapping : Mapped "{[/userControl/getTreeData2]}" onto public java.util.List<com.rjs.vo.Cascader> com.rjs.control.userControl.UserControl.getTreeData2()
2022-12-19 18:52:09.897  INFO 31880 --- [main] s.w.s.m.m.a.RequestMappingHandlerMapping : Mapped "{[/userControl/searchUser]}" onto public java.util.List<com.rjs.vo.User> com.rjs.control.userControl.UserControl.searchUser(javax.servlet.http.HttpServletRequest)
2022-12-19 18:52:09.897  INFO 31880 --- [main] s.w.s.m.m.a.RequestMappingHandlerMapping : Mapped "{[/userControl/selectStudent]}" onto public java.lang.Object com.rjs.control.userControl.UserControl.selectStudent(com.rjs.vo.User)
2022-12-19 18:52:09.897  INFO 31880 --- [main] s.w.s.m.m.a.RequestMappingHandlerMapping : Mapped "{[/userControl/addUser3]}" onto public void com.rjs.control.userControl.UserControl.addUser3(com.rjs.vo.User)
2022-12-19 18:52:09.898  INFO 31880 --- [main] s.w.s.m.m.a.RequestMappingHandlerMapping : Mapped "{[/userControl/getAllUser]}" onto public com.rjs.vo.JsonResult com.rjs.control.userControl.UserControl.getAllUser(com.rjs.vo.User,javax.servlet.http.HttpSession)
2022-12-19 18:52:09.898  INFO 31880 --- [main] s.w.s.m.m.a.RequestMappingHandlerMapping : Mapped "{[/userControl/daoru]}" onto public java.lang.String com.rjs.control.userControl.UserControl.daoru(org.springframework.web.multipart.MultipartFile) throws java.lang.Exception
2022-12-19 18:52:09.899  INFO 31880 --- [main] s.w.s.m.m.a.RequestMappingHandlerMapping : Mapped "{[/userControl/uploadImg]}" onto public java.lang.String com.rjs.control.userControl.UserControl.uploadImg(org.springframework.web.multipart.MultipartFile) throws java.io.IOException
2022-12-19 18:52:09.899  INFO 31880 --- [main] s.w.s.m.m.a.RequestMappingHandlerMapping : Mapped "{[/userControl/getAllUser2]}" onto public java.util.List<com.rjs.vo.User> com.rjs.control.userControl.UserControl.getAllUser2()
2022-12-19 18:52:09.899  INFO 31880 --- [main] s.w.s.m.m.a.RequestMappingHandlerMapping : Mapped "{[/userControl/addUser2]}" onto public void com.rjs.control.userControl.UserControl.addUser2(com.rjs.vo.User) throws java.text.ParseException
2022-12-19 18:52:09.900  INFO 31880 --- [main] s.w.s.m.m.a.RequestMappingHandlerMapping : Mapped "{[/userControl/getUploadFile]}" onto public void com.rjs.control.userControl.UserControl.getUploadFile(org.springframework.web.multipart.MultipartFile[],com.rjs.vo.UploadFile) throws java.io.IOException
2022-12-19 18:52:09.900  INFO 31880 --- [main] s.w.s.m.m.a.RequestMappingHandlerMapping : Mapped "{[/userControl/addText]}" onto public void com.rjs.control.userControl.UserControl.addText(java.lang.String)
2022-12-19 18:52:09.900  INFO 31880 --- [main] s.w.s.m.m.a.RequestMappingHandlerMapping : Mapped "{[/userControl/getTuValue]}" onto public com.rjs.vo.JsonResult com.rjs.control.userControl.UserControl.getTuValue()
2022-12-19 18:52:09.901  INFO 31880 --- [main] s.w.s.m.m.a.RequestMappingHandlerMapping : Mapped "{[/userControl/insertCityId]}" onto public void com.rjs.control.userControl.UserControl.insertCityId(int)
2022-12-19 18:52:09.901  INFO 31880 --- [main] s.w.s.m.m.a.RequestMappingHandlerMapping : Mapped "{[/userControl/getTreeData]}" onto public java.util.List<com.rjs.vo.TreeData> com.rjs.control.userControl.UserControl.getTreeData()
2022-12-19 18:52:09.902  INFO 31880 --- [main] s.w.s.m.m.a.RequestMappingHandlerMapping : Mapped "{[/vaildateUserControl/addUser1]}" onto public java.lang.String com.rjs.control.VaildateUserControl.addUser(com.rjs.vo.User,org.springframework.validation.BindingResult)
2022-12-19 18:52:09.905  INFO 31880 --- [main] s.w.s.m.m.a.RequestMappingHandlerMapping : Mapped "{[/error]}" onto public org.springframework.http.ResponseEntity<java.util.Map<java.lang.String, java.lang.Object>> org.springframework.boot.autoconfigure.web.BasicErrorController.error(javax.servlet.http.HttpServletRequest)
2022-12-19 18:52:09.906  INFO 31880 --- [main] s.w.s.m.m.a.RequestMappingHandlerMapping : Mapped "{[/error],produces=[text/html]}" onto public org.springframework.web.servlet.ModelAndView org.springframework.boot.autoconfigure.web.BasicErrorController.errorHtml(javax.servlet.http.HttpServletRequest,javax.servlet.http.HttpServletResponse)
2022-12-19 18:52:09.931  INFO 31880 --- [main] o.s.w.s.handler.SimpleUrlHandlerMapping  : Mapped URL path [/webjars/**] onto handler of type [class org.springframework.web.servlet.resource.ResourceHttpRequestHandler]
2022-12-19 18:52:09.931  INFO 31880 --- [main] o.s.w.s.handler.SimpleUrlHandlerMapping  : Mapped URL path [/**] onto handler of type [class org.springframework.web.servlet.resource.ResourceHttpRequestHandler]
2022-12-19 18:52:09.950  INFO 31880 --- [main] o.s.w.s.handler.SimpleUrlHandlerMapping  : Mapped URL path [/**/favicon.ico] onto handler of type [class org.springframework.web.servlet.resource.ResourceHttpRequestHandler]
2022-12-19 18:52:10.113  INFO 31880 --- [main] o.s.j.e.a.AnnotationMBeanExporter        : Registering beans for JMX exposure on startup
2022-12-19 18:52:10.164  INFO 31880 --- [main] s.b.c.e.t.TomcatEmbeddedServletContainer : Tomcat started on port(s): 8088 (http)
2022-12-19 18:52:10.169  INFO 31880 --- [main] com.rjs.UserSpringBootApplication        : Started UserSpringBootApplication in 3.34 seconds (JVM running for 4.547)
